<?xml version="1.0" encoding="UTF-8"?>
<testng-results ignored="0" total="3" passed="2" failed="1" skipped="0">
  <reporter-output>
  </reporter-output>
  <suite started-at="2025-01-13T18:13:51 EST" name="Default suite" finished-at="2025-01-13T18:14:13 EST" duration-ms="22263">
    <groups>
    </groups>
    <test started-at="2025-01-13T18:13:51 EST" name="Default test" finished-at="2025-01-13T18:14:13 EST" duration-ms="22263">
      <class name="fbtestcase.fbregtestcase">
        <test-method signature="fbregistration(java.lang.String,java.lang.String,java.lang.String,java.lang.String,java.lang.String,java.lang.String,java.lang.String,java.lang.String)[pri:0, instance:fbtestcase.fbregtestcase@4d1c00d0]" started-at="2025-01-13T18:13:51 EST" name="fbregistration" data-provider="fbreg" finished-at="2025-01-13T18:13:55 EST" duration-ms="3363" status="FAIL">
          <params>
            <param index="0">
              <value>
                <![CDATA[Ripal]]>
              </value>
            </param>
            <param index="1">
              <value>
                <![CDATA[Patel]]>
              </value>
            </param>
            <param index="2">
              <value>
                <![CDATA[ripalpatel2594@gmail.com]]>
              </value>
            </param>
            <param index="3">
              <value>
                <![CDATA[Rip@l123]]>
              </value>
            </param>
            <param index="4">
              <value>
                <![CDATA[Apr]]>
              </value>
            </param>
            <param index="5">
              <value>
                <![CDATA[1994]]>
              </value>
            </param>
            <param index="6">
              <value>
                <![CDATA[25]]>
              </value>
            </param>
            <param index="7">
              <value>
                <![CDATA[Female]]>
              </value>
            </param>
          </params>
          <exception class="java.lang.NullPointerException">
            <message>
              <![CDATA[Cannot invoke "org.openqa.selenium.remote.RemoteWebDriver.findElement(org.openqa.selenium.By)" because "this.driver" is null]]>
            </message>
            <full-stacktrace>
              <![CDATA[java.lang.NullPointerException: Cannot invoke "org.openqa.selenium.remote.RemoteWebDriver.findElement(org.openqa.selenium.By)" because "this.driver" is null
at wrappers.GenericWrappers.clickByXPath(GenericWrappers.java:182)
at fbtestcase.fbregtestcase.fbregistration(fbregtestcase.java:16)
at java.base/jdk.internal.reflect.DirectMethodHandleAccessor.invoke(DirectMethodHandleAccessor.java:103)
at java.base/java.lang.reflect.Method.invoke(Method.java:580)
at org.testng.internal.MethodInvocationHelper.invokeMethod(MethodInvocationHelper.java:133)
at org.testng.internal.TestInvoker.invokeMethod(TestInvoker.java:598)
at org.testng.internal.TestInvoker.invokeTestMethod(TestInvoker.java:173)
at org.testng.internal.MethodRunner.runInSequence(MethodRunner.java:46)
at org.testng.internal.TestInvoker$MethodInvocationAgent.invoke(TestInvoker.java:824)
at org.testng.internal.TestInvoker.invokeTestMethods(TestInvoker.java:146)
at org.testng.internal.TestMethodWorker.invokeTestMethods(TestMethodWorker.java:146)
at org.testng.internal.TestMethodWorker.run(TestMethodWorker.java:128)
at java.base/java.util.ArrayList.forEach(ArrayList.java:1597)
at org.testng.TestRunner.privateRun(TestRunner.java:794)
at org.testng.TestRunner.run(TestRunner.java:596)
at org.testng.SuiteRunner.runTest(SuiteRunner.java:377)
at org.testng.SuiteRunner.runSequentially(SuiteRunner.java:371)
at org.testng.SuiteRunner.privateRun(SuiteRunner.java:332)
at org.testng.SuiteRunner.run(SuiteRunner.java:276)
at org.testng.SuiteRunnerWorker.runSuite(SuiteRunnerWorker.java:53)
at org.testng.SuiteRunnerWorker.run(SuiteRunnerWorker.java:96)
at org.testng.TestNG.runSuitesSequentially(TestNG.java:1212)
at org.testng.TestNG.runSuitesLocally(TestNG.java:1134)
at org.testng.TestNG.runSuites(TestNG.java:1063)
at org.testng.TestNG.run(TestNG.java:1031)
at org.testng.remote.AbstractRemoteTestNG.run(AbstractRemoteTestNG.java:115)
at org.testng.remote.RemoteTestNG.initAndRun(RemoteTestNG.java:293)
at org.testng.remote.RemoteTestNG.main(RemoteTestNG.java:91)
]]>
            </full-stacktrace>
          </exception> <!-- java.lang.NullPointerException -->
          <reporter-output>
          </reporter-output>
        </test-method> <!-- fbregistration -->
        <test-method signature="fbregistration(java.lang.String,java.lang.String,java.lang.String,java.lang.String,java.lang.String,java.lang.String,java.lang.String,java.lang.String)[pri:0, instance:fbtestcase.fbregtestcase@4d1c00d0]" started-at="2025-01-13T18:13:55 EST" name="fbregistration" data-provider="fbreg" finished-at="2025-01-13T18:14:04 EST" duration-ms="9516" status="PASS">
          <params>
            <param index="0">
              <value>
                <![CDATA[Nupen]]>
              </value>
            </param>
            <param index="1">
              <value>
                <![CDATA[Patel]]>
              </value>
            </param>
            <param index="2">
              <value>
                <![CDATA[nups12patel@gmail.com]]>
              </value>
            </param>
            <param index="3">
              <value>
                <![CDATA[Nups@12]]>
              </value>
            </param>
            <param index="4">
              <value>
                <![CDATA[Dec]]>
              </value>
            </param>
            <param index="5">
              <value>
                <![CDATA[1993]]>
              </value>
            </param>
            <param index="6">
              <value>
                <![CDATA[12]]>
              </value>
            </param>
            <param index="7">
              <value>
                <![CDATA[male]]>
              </value>
            </param>
          </params>
          <reporter-output>
          </reporter-output>
        </test-method> <!-- fbregistration -->
        <test-method signature="fbregistration(java.lang.String,java.lang.String,java.lang.String,java.lang.String,java.lang.String,java.lang.String,java.lang.String,java.lang.String)[pri:0, instance:fbtestcase.fbregtestcase@4d1c00d0]" started-at="2025-01-13T18:14:04 EST" name="fbregistration" data-provider="fbreg" finished-at="2025-01-13T18:14:13 EST" duration-ms="8920" status="PASS">
          <params>
            <param index="0">
              <value>
                <![CDATA[Parth]]>
              </value>
            </param>
            <param index="1">
              <value>
                <![CDATA[Patel]]>
              </value>
            </param>
            <param index="2">
              <value>
                <![CDATA[parthpatel11@gmail.com]]>
              </value>
            </param>
            <param index="3">
              <value>
                <![CDATA[Parth12]]>
              </value>
            </param>
            <param index="4">
              <value>
                <![CDATA[Nov]]>
              </value>
            </param>
            <param index="5">
              <value>
                <![CDATA[1997]]>
              </value>
            </param>
            <param index="6">
              <value>
                <![CDATA[9]]>
              </value>
            </param>
            <param index="7">
              <value>
                <![CDATA[Custom]]>
              </value>
            </param>
          </params>
          <reporter-output>
          </reporter-output>
        </test-method> <!-- fbregistration -->
      </class> <!-- fbtestcase.fbregtestcase -->
    </test> <!-- Default test -->
  </suite> <!-- Default suite -->
</testng-results>
